<?xml version="1.0" encoding="UTF-8"?>
<!-- Generated by org.testng.reporters.JUnitReportReporter -->
<testsuite hostname="CPX-HPHSBXQAABP" failures="0" tests="11" name="Runner.Runner" time="5.173" errors="0" timestamp="2022-02-02T14:07:28 SGT" skipped="0">
  <testcase classname="Runner.Runner" name="runScenario" time="0.440"/>
  <system-out>
    <![CDATA[PASSED: Items present in the list
PASSED: Completed items cleared successfully
PASSED: Number of items left is 2, which is equivalent to the items in the list]]>
  </system-out>
  <testcase classname="Runner.Runner" name="runScenario" time="0.355"/>
  <system-out>
    <![CDATA[PASSED: Items present in the list
PASSED: Filter selected successfully
PASSED: 'Completed' Filter verified successfully
PASSED: Number of items left is 2, which is equivalent to the items in the list]]>
  </system-out>
  <testcase classname="Runner.Runner" name="runScenario" time="0.453"/>
  <system-out>
    <![CDATA[PASSED: User is on the to do page
PASSED: To do item 'Pick up from school added to the list successfully
PASSED: Number of items left is 4, which is equivalent to the items in the list]]>
  </system-out>
  <testcase classname="Runner.Runner" name="runScenario" time="0.429"/>
  <system-out>
    <![CDATA[PASSED: User is on the to do page
PASSED: To do item 'Doctor appointment at 12PM added to the list successfully
PASSED: Number of items left is 2, which is equivalent to the items in the list]]>
  </system-out>
  <testcase classname="Runner.Runner" name="runScenario" time="0.748"/>
  <system-out>
    <![CDATA[PASSED: User is on the to do page
PASSED: To do item 'Drop kid at the school added to the list successfully
PASSED: Number of items left is 1, which is equivalent to the items in the list]]>
  </system-out>
  <testcase classname="Runner.Runner" name="runScenario" time="0.381"/>
  <system-out>
    <![CDATA[PASSED: User is on the to do page
PASSED: To do item 'Meeting at 2PM added to the list successfully
PASSED: Number of items left is 3, which is equivalent to the items in the list]]>
  </system-out>
  <testcase classname="Runner.Runner" name="runScenario" time="0.332"/>
  <system-out>
    <![CDATA[PASSED: Items present in the list
PASSED: Filter selected successfully
PASSED: 'All' Filter verified successfully
PASSED: Number of items left is 2, which is equivalent to the items in the list]]>
  </system-out>
  <testcase classname="Runner.Runner" name="runScenario" time="0.966"/>
  <system-out>
    <![CDATA[PASSED: Items present in the list
PASSED: Item edited successfully in the list
PASSED: Number of items left is 4, which is equivalent to the items in the list]]>
  </system-out>
  <testcase classname="Runner.Runner" name="runScenario" time="0.377"/>
  <system-out>
    <![CDATA[PASSED: Items present in the list
PASSED: Item deleted completed in the list
PASSED: Number of items left is 2, which is equivalent to the items in the list]]>
  </system-out>
  <testcase classname="Runner.Runner" name="runScenario" time="0.294"/>
  <system-out>
    <![CDATA[PASSED: Items present in the list
PASSED: Item deleted successfully in the list
PASSED: Number of items left is 3, which is equivalent to the items in the list]]>
  </system-out>
  <testcase classname="Runner.Runner" name="runScenario" time="0.398"/>
  <system-out>
    <![CDATA[PASSED: Items present in the list
PASSED: Filter selected successfully
PASSED: 'Active' Filter verified successfully
PASSED: Number of items left is 2, which is equivalent to the items in the list]]>
  </system-out>
</testsuite> <!-- Runner.Runner -->
